#TYPE Deserialized.Selected.System.Diagnostics.Eventing.Reader.EventLogRecord
"Message","TargetUserSid","TargetUserName","TargetDomainName","TargetLogonId","LogonType","Id","Version","Qualifiers","Level","Task","Opcode","Keywords","RecordId","ProviderName","ProviderId","LogName","ProcessId","ThreadId","MachineName","UserId","TimeCreated","ActivityId","RelatedActivityId","ContainerLog","MatchedQueryIds","Bookmark","LevelDisplayName","OpcodeDisplayName","TaskDisplayName","KeywordsDisplayNames","Properties","PSComputerName","RunspaceId","PSShowComputerName"
"An account was logged off.

Subject:
	Security ID:		S-1-5-21-1465889373-2168228904-3323032715-500
	Account Name:		DoD_Admin
	Account Domain:		HOME
	Logon ID:		0x2ddea1a3

Logon Type:			3

This event is generated when a logon session is destroyed. It may be positively correlated with a logon event using the Logon ID value. Logon IDs are only unique between reboots on the same computer.","S-1-5-21-1465889373-2168228904-3323032715-500","DoD_Admin","HOME","0x2ddea1a3","3","4634","0",,"0","12545","0","-9214364837600034816","22023","Microsoft-Windows-Security-Auditing","54849625-5478-4994-a5ba-3e3b0328c30d","Security","492","1684","home-win7-1.home.local",,"11/28/2016 11:26:55 PM",,,"security","","System.Diagnostics.Eventing.Reader.EventBookmark","Information","Info","Logoff","Audit Success","System.Diagnostics.Eventing.Reader.EventProperty System.Diagnostics.Eventing.Reader.EventProperty System.Diagnostics.Eventing.Reader.EventProperty System.Diagnostics.Eventing.Reader.EventProperty System.Diagnostics.Eventing.Reader.EventProperty","home-win7-1","e1c9907d-8fab-493c-b55f-b3b71a990860","True"
"An account was successfully logged on.

Subject:
	Security ID:		S-1-0-0
	Account Name:		-
	Account Domain:		-
	Logon ID:		0x0

Logon Type:			3

New Logon:
	Security ID:		S-1-5-21-1465889373-2168228904-3323032715-500
	Account Name:		DoD_Admin
	Account Domain:		HOME
	Logon ID:		0x2de862f7
	Logon GUID:		{E9489F22-C5D0-E6BD-2519-350278A16CB9}

Process Information:
	Process ID:		0x0
	Process Name:		-

Network Information:
	Workstation Name:	
	Source Network Address:	-
	Source Port:		-

Detailed Authentication Information:
	Logon Process:		Kerberos
	Authentication Package:	Kerberos
	Transited Services:	-
	Package Name (NTLM only):	-
	Key Length:		0

This event is generated when a logon session is created. It is generated on the computer that was accessed.

The subject fields indicate the account on the local system which requested the logon. This is most commonly a service such as the Server service, or a local process such as Winlogon.exe or Services.exe.

The logon type field indicates the kind of logon that occurred. The most common types are 2 (interactive) and 3 (network).

The New Logon fields indicate the account for whom the new logon was created, i.e. the account that was logged on.

The network fields indicate where a remote logon request originated. Workstation name is not always available and may be left blank in some cases.

The authentication information fields provide detailed information about this specific logon request.
	- Logon GUID is a unique identifier that can be used to correlate this event with a KDC event.
	- Transited services indicate which intermediate services have participated in this logon request.
	- Package name indicates which sub-protocol was used among the NTLM protocols.
	- Key length indicates the length of the generated session key. This will be 0 if no session key was requested.","S-1-5-21-1465889373-2168228904-3323032715-500","DoD_Admin","HOME","0x2de862f7","3","4624","0",,"0","12544","0","-9214364837600034816","22022","Microsoft-Windows-Security-Auditing","54849625-5478-4994-a5ba-3e3b0328c30d","Security","0x0","1684","home-win7-1.home.local",,"11/28/2016 11:26:55 PM",,,"security","","System.Diagnostics.Eventing.Reader.EventBookmark","Information","Info","Logon","Audit Success","System.Diagnostics.Eventing.Reader.EventProperty System.Diagnostics.Eventing.Reader.EventProperty System.Diagnostics.Eventing.Reader.EventProperty System.Diagnostics.Eventing.Reader.EventProperty System.Diagnostics.Eventing.Reader.EventProperty System.Diagnostics.Eventing.Reader.EventProperty System.Diagnostics.Eventing.Reader.EventProperty System.Diagnostics.Eventing.Reader.EventProperty System.Diagnostics.Eventing.Reader.EventProperty System.Diagnostics.Eventing.Reader.EventProperty System.Diagnostics.Eventing.Reader.EventProperty System.Diagnostics.Eventing.Reader.EventProperty System.Diagnostics.Eventing.Reader.EventProperty System.Diagnostics.Eventing.Reader.EventProperty System.Diagnostics.Eventing.Reader.EventProperty System.Diagnostics.Eventing.Reader.EventProperty System.Diagnostics.Eventing.Reader.EventProperty System.Diagnostics.Eventing.Reader.EventProperty System.Diagnostics.Eventing.Reader.EventProperty System.Diagnostics.Eventing.Reader.EventProperty","home-win7-1","e1c9907d-8fab-493c-b55f-b3b71a990860","True"
"An account was logged off.

Subject:
	Security ID:		S-1-5-21-1465889373-2168228904-3323032715-500
	Account Name:		DoD_Admin
	Account Domain:		HOME
	Logon ID:		0x2de52c4c

Logon Type:			3

This event is generated when a logon session is destroyed. It may be positively correlated with a logon event using the Logon ID value. Logon IDs are only unique between reboots on the same computer.","S-1-5-21-1465889373-2168228904-3323032715-500","DoD_Admin","HOME","0x2de52c4c","3","4634","0",,"0","12545","0","-9214364837600034816","22010","Microsoft-Windows-Security-Auditing","54849625-5478-4994-a5ba-3e3b0328c30d","Security","492","1684","home-win7-1.home.local",,"11/28/2016 11:17:10 PM",,,"security","","System.Diagnostics.Eventing.Reader.EventBookmark","Information","Info","Logoff","Audit Success","System.Diagnostics.Eventing.Reader.EventProperty System.Diagnostics.Eventing.Reader.EventProperty System.Diagnostics.Eventing.Reader.EventProperty System.Diagnostics.Eventing.Reader.EventProperty System.Diagnostics.Eventing.Reader.EventProperty","home-win7-1","e1c9907d-8fab-493c-b55f-b3b71a990860","True"
"An account was logged off.

Subject:
	Security ID:		S-1-5-21-1465889373-2168228904-3323032715-500
	Account Name:		DoD_Admin
	Account Domain:		HOME
	Logon ID:		0x2de7511e

Logon Type:			3

This event is generated when a logon session is destroyed. It may be positively correlated with a logon event using the Logon ID value. Logon IDs are only unique between reboots on the same computer.","S-1-5-21-1465889373-2168228904-3323032715-500","DoD_Admin","HOME","0x2de7511e","3","4634","0",,"0","12545","0","-9214364837600034816","22009","Microsoft-Windows-Security-Auditing","54849625-5478-4994-a5ba-3e3b0328c30d","Security","492","1684","home-win7-1.home.local",,"11/28/2016 11:17:10 PM",,,"security","","System.Diagnostics.Eventing.Reader.EventBookmark","Information","Info","Logoff","Audit Success","System.Diagnostics.Eventing.Reader.EventProperty System.Diagnostics.Eventing.Reader.EventProperty System.Diagnostics.Eventing.Reader.EventProperty System.Diagnostics.Eventing.Reader.EventProperty System.Diagnostics.Eventing.Reader.EventProperty","home-win7-1","e1c9907d-8fab-493c-b55f-b3b71a990860","True"
"An account was logged off.

Subject:
	Security ID:		S-1-5-21-1465889373-2168228904-3323032715-500
	Account Name:		DoD_Admin
	Account Domain:		HOME
	Logon ID:		0x2de52248

Logon Type:			3

This event is generated when a logon session is destroyed. It may be positively correlated with a logon event using the Logon ID value. Logon IDs are only unique between reboots on the same computer.","S-1-5-21-1465889373-2168228904-3323032715-500","DoD_Admin","HOME","0x2de52248","3","4634","0",,"0","12545","0","-9214364837600034816","22008","Microsoft-Windows-Security-Auditing","54849625-5478-4994-a5ba-3e3b0328c30d","Security","492","1684","home-win7-1.home.local",,"11/28/2016 11:17:10 PM",,,"security","","System.Diagnostics.Eventing.Reader.EventBookmark","Information","Info","Logoff","Audit Success","System.Diagnostics.Eventing.Reader.EventProperty System.Diagnostics.Eventing.Reader.EventProperty System.Diagnostics.Eventing.Reader.EventProperty System.Diagnostics.Eventing.Reader.EventProperty System.Diagnostics.Eventing.Reader.EventProperty","home-win7-1","e1c9907d-8fab-493c-b55f-b3b71a990860","True"
"An account was successfully logged on.

Subject:
	Security ID:		S-1-0-0
	Account Name:		-
	Account Domain:		-
	Logon ID:		0x0

Logon Type:			3

New Logon:
	Security ID:		S-1-5-21-1465889373-2168228904-3323032715-500
	Account Name:		DoD_Admin
	Account Domain:		HOME
	Logon ID:		0x2de7511e
	Logon GUID:		{E9489F22-C5D0-E6BD-2519-350278A16CB9}

Process Information:
	Process ID:		0x0
	Process Name:		-

Network Information:
	Workstation Name:	
	Source Network Address:	-
	Source Port:		-

Detailed Authentication Information:
	Logon Process:		Kerberos
	Authentication Package:	Kerberos
	Transited Services:	-
	Package Name (NTLM only):	-
	Key Length:		0

This event is generated when a logon session is created. It is generated on the computer that was accessed.

The subject fields indicate the account on the local system which requested the logon. This is most commonly a service such as the Server service, or a local process such as Winlogon.exe or Services.exe.

The logon type field indicates the kind of logon that occurred. The most common types are 2 (interactive) and 3 (network).

The New Logon fields indicate the account for whom the new logon was created, i.e. the account that was logged on.

The network fields indicate where a remote logon request originated. Workstation name is not always available and may be left blank in some cases.

The authentication information fields provide detailed information about this specific logon request.
	- Logon GUID is a unique identifier that can be used to correlate this event with a KDC event.
	- Transited services indicate which intermediate services have participated in this logon request.
	- Package name indicates which sub-protocol was used among the NTLM protocols.
	- Key length indicates the length of the generated session key. This will be 0 if no session key was requested.","S-1-5-21-1465889373-2168228904-3323032715-500","DoD_Admin","HOME","0x2de7511e","3","4624","0",,"0","12544","0","-9214364837600034816","22007","Microsoft-Windows-Security-Auditing","54849625-5478-4994-a5ba-3e3b0328c30d","Security","0x0","1684","home-win7-1.home.local",,"11/28/2016 11:17:10 PM",,,"security","","System.Diagnostics.Eventing.Reader.EventBookmark","Information","Info","Logon","Audit Success","System.Diagnostics.Eventing.Reader.EventProperty System.Diagnostics.Eventing.Reader.EventProperty System.Diagnostics.Eventing.Reader.EventProperty System.Diagnostics.Eventing.Reader.EventProperty System.Diagnostics.Eventing.Reader.EventProperty System.Diagnostics.Eventing.Reader.EventProperty System.Diagnostics.Eventing.Reader.EventProperty System.Diagnostics.Eventing.Reader.EventProperty System.Diagnostics.Eventing.Reader.EventProperty System.Diagnostics.Eventing.Reader.EventProperty System.Diagnostics.Eventing.Reader.EventProperty System.Diagnostics.Eventing.Reader.EventProperty System.Diagnostics.Eventing.Reader.EventProperty System.Diagnostics.Eventing.Reader.EventProperty System.Diagnostics.Eventing.Reader.EventProperty System.Diagnostics.Eventing.Reader.EventProperty System.Diagnostics.Eventing.Reader.EventProperty System.Diagnostics.Eventing.Reader.EventProperty System.Diagnostics.Eventing.Reader.EventProperty System.Diagnostics.Eventing.Reader.EventProperty","home-win7-1","e1c9907d-8fab-493c-b55f-b3b71a990860","True"
"An account was successfully logged on.

Subject:
	Security ID:		S-1-0-0
	Account Name:		-
	Account Domain:		-
	Logon ID:		0x0

Logon Type:			3

New Logon:
	Security ID:		S-1-5-21-1465889373-2168228904-3323032715-500
	Account Name:		DoD_Admin
	Account Domain:		HOME
	Logon ID:		0x2de52c4c
	Logon GUID:		{E9489F22-C5D0-E6BD-2519-350278A16CB9}

Process Information:
	Process ID:		0x0
	Process Name:		-

Network Information:
	Workstation Name:	
	Source Network Address:	-
	Source Port:		-

Detailed Authentication Information:
	Logon Process:		Kerberos
	Authentication Package:	Kerberos
	Transited Services:	-
	Package Name (NTLM only):	-
	Key Length:		0

This event is generated when a logon session is created. It is generated on the computer that was accessed.

The subject fields indicate the account on the local system which requested the logon. This is most commonly a service such as the Server service, or a local process such as Winlogon.exe or Services.exe.

The logon type field indicates the kind of logon that occurred. The most common types are 2 (interactive) and 3 (network).

The New Logon fields indicate the account for whom the new logon was created, i.e. the account that was logged on.

The network fields indicate where a remote logon request originated. Workstation name is not always available and may be left blank in some cases.

The authentication information fields provide detailed information about this specific logon request.
	- Logon GUID is a unique identifier that can be used to correlate this event with a KDC event.
	- Transited services indicate which intermediate services have participated in this logon request.
	- Package name indicates which sub-protocol was used among the NTLM protocols.
	- Key length indicates the length of the generated session key. This will be 0 if no session key was requested.","S-1-5-21-1465889373-2168228904-3323032715-500","DoD_Admin","HOME","0x2de52c4c","3","4624","0",,"0","12544","0","-9214364837600034816","22001","Microsoft-Windows-Security-Auditing","54849625-5478-4994-a5ba-3e3b0328c30d","Security","0x0","1684","home-win7-1.home.local",,"11/28/2016 11:16:54 PM",,,"security","","System.Diagnostics.Eventing.Reader.EventBookmark","Information","Info","Logon","Audit Success","System.Diagnostics.Eventing.Reader.EventProperty System.Diagnostics.Eventing.Reader.EventProperty System.Diagnostics.Eventing.Reader.EventProperty System.Diagnostics.Eventing.Reader.EventProperty System.Diagnostics.Eventing.Reader.EventProperty System.Diagnostics.Eventing.Reader.EventProperty System.Diagnostics.Eventing.Reader.EventProperty System.Diagnostics.Eventing.Reader.EventProperty System.Diagnostics.Eventing.Reader.EventProperty System.Diagnostics.Eventing.Reader.EventProperty System.Diagnostics.Eventing.Reader.EventProperty System.Diagnostics.Eventing.Reader.EventProperty System.Diagnostics.Eventing.Reader.EventProperty System.Diagnostics.Eventing.Reader.EventProperty System.Diagnostics.Eventing.Reader.EventProperty System.Diagnostics.Eventing.Reader.EventProperty System.Diagnostics.Eventing.Reader.EventProperty System.Diagnostics.Eventing.Reader.EventProperty System.Diagnostics.Eventing.Reader.EventProperty System.Diagnostics.Eventing.Reader.EventProperty","home-win7-1","e1c9907d-8fab-493c-b55f-b3b71a990860","True"
"An account was successfully logged on.

Subject:
	Security ID:		S-1-0-0
	Account Name:		-
	Account Domain:		-
	Logon ID:		0x0

Logon Type:			3

New Logon:
	Security ID:		S-1-5-21-1465889373-2168228904-3323032715-500
	Account Name:		DoD_Admin
	Account Domain:		HOME
	Logon ID:		0x2de52248
	Logon GUID:		{E9489F22-C5D0-E6BD-2519-350278A16CB9}

Process Information:
	Process ID:		0x0
	Process Name:		-

Network Information:
	Workstation Name:	
	Source Network Address:	-
	Source Port:		-

Detailed Authentication Information:
	Logon Process:		Kerberos
	Authentication Package:	Kerberos
	Transited Services:	-
	Package Name (NTLM only):	-
	Key Length:		0

This event is generated when a logon session is created. It is generated on the computer that was accessed.

The subject fields indicate the account on the local system which requested the logon. This is most commonly a service such as the Server service, or a local process such as Winlogon.exe or Services.exe.

The logon type field indicates the kind of logon that occurred. The most common types are 2 (interactive) and 3 (network).

The New Logon fields indicate the account for whom the new logon was created, i.e. the account that was logged on.

The network fields indicate where a remote logon request originated. Workstation name is not always available and may be left blank in some cases.

The authentication information fields provide detailed information about this specific logon request.
	- Logon GUID is a unique identifier that can be used to correlate this event with a KDC event.
	- Transited services indicate which intermediate services have participated in this logon request.
	- Package name indicates which sub-protocol was used among the NTLM protocols.
	- Key length indicates the length of the generated session key. This will be 0 if no session key was requested.","S-1-5-21-1465889373-2168228904-3323032715-500","DoD_Admin","HOME","0x2de52248","3","4624","0",,"0","12544","0","-9214364837600034816","21996","Microsoft-Windows-Security-Auditing","54849625-5478-4994-a5ba-3e3b0328c30d","Security","0x0","1684","home-win7-1.home.local",,"11/28/2016 11:16:53 PM",,,"security","","System.Diagnostics.Eventing.Reader.EventBookmark","Information","Info","Logon","Audit Success","System.Diagnostics.Eventing.Reader.EventProperty System.Diagnostics.Eventing.Reader.EventProperty System.Diagnostics.Eventing.Reader.EventProperty System.Diagnostics.Eventing.Reader.EventProperty System.Diagnostics.Eventing.Reader.EventProperty System.Diagnostics.Eventing.Reader.EventProperty System.Diagnostics.Eventing.Reader.EventProperty System.Diagnostics.Eventing.Reader.EventProperty System.Diagnostics.Eventing.Reader.EventProperty System.Diagnostics.Eventing.Reader.EventProperty System.Diagnostics.Eventing.Reader.EventProperty System.Diagnostics.Eventing.Reader.EventProperty System.Diagnostics.Eventing.Reader.EventProperty System.Diagnostics.Eventing.Reader.EventProperty System.Diagnostics.Eventing.Reader.EventProperty System.Diagnostics.Eventing.Reader.EventProperty System.Diagnostics.Eventing.Reader.EventProperty System.Diagnostics.Eventing.Reader.EventProperty System.Diagnostics.Eventing.Reader.EventProperty System.Diagnostics.Eventing.Reader.EventProperty","home-win7-1","e1c9907d-8fab-493c-b55f-b3b71a990860","True"
"An account was logged off.

Subject:
	Security ID:		S-1-5-21-1465889373-2168228904-3323032715-500
	Account Name:		DoD_Admin
	Account Domain:		HOME
	Logon ID:		0x2de4eeca

Logon Type:			3

This event is generated when a logon session is destroyed. It may be positively correlated with a logon event using the Logon ID value. Logon IDs are only unique between reboots on the same computer.","S-1-5-21-1465889373-2168228904-3323032715-500","DoD_Admin","HOME","0x2de4eeca","3","4634","0",,"0","12545","0","-9214364837600034816","21992","Microsoft-Windows-Security-Auditing","54849625-5478-4994-a5ba-3e3b0328c30d","Security","492","1684","home-win7-1.home.local",,"11/28/2016 11:16:02 PM",,,"security","","System.Diagnostics.Eventing.Reader.EventBookmark","Information","Info","Logoff","Audit Success","System.Diagnostics.Eventing.Reader.EventProperty System.Diagnostics.Eventing.Reader.EventProperty System.Diagnostics.Eventing.Reader.EventProperty System.Diagnostics.Eventing.Reader.EventProperty System.Diagnostics.Eventing.Reader.EventProperty","home-win7-1","e1c9907d-8fab-493c-b55f-b3b71a990860","True"
"An account was logged off.

Subject:
	Security ID:		S-1-5-21-1465889373-2168228904-3323032715-500
	Account Name:		DoD_Admin
	Account Domain:		HOME
	Logon ID:		0x2de2caca

Logon Type:			3

This event is generated when a logon session is destroyed. It may be positively correlated with a logon event using the Logon ID value. Logon IDs are only unique between reboots on the same computer.","S-1-5-21-1465889373-2168228904-3323032715-500","DoD_Admin","HOME","0x2de2caca","3","4634","0",,"0","12545","0","-9214364837600034816","21991","Microsoft-Windows-Security-Auditing","54849625-5478-4994-a5ba-3e3b0328c30d","Security","492","1684","home-win7-1.home.local",,"11/28/2016 11:16:02 PM",,,"security","","System.Diagnostics.Eventing.Reader.EventBookmark","Information","Info","Logoff","Audit Success","System.Diagnostics.Eventing.Reader.EventProperty System.Diagnostics.Eventing.Reader.EventProperty System.Diagnostics.Eventing.Reader.EventProperty System.Diagnostics.Eventing.Reader.EventProperty System.Diagnostics.Eventing.Reader.EventProperty","home-win7-1","e1c9907d-8fab-493c-b55f-b3b71a990860","True"
"An account was logged off.

Subject:
	Security ID:		S-1-5-21-1465889373-2168228904-3323032715-500
	Account Name:		DoD_Admin
	Account Domain:		HOME
	Logon ID:		0x2de2c0d5

Logon Type:			3

This event is generated when a logon session is destroyed. It may be positively correlated with a logon event using the Logon ID value. Logon IDs are only unique between reboots on the same computer.","S-1-5-21-1465889373-2168228904-3323032715-500","DoD_Admin","HOME","0x2de2c0d5","3","4634","0",,"0","12545","0","-9214364837600034816","21990","Microsoft-Windows-Security-Auditing","54849625-5478-4994-a5ba-3e3b0328c30d","Security","492","1684","home-win7-1.home.local",,"11/28/2016 11:16:02 PM",,,"security","","System.Diagnostics.Eventing.Reader.EventBookmark","Information","Info","Logoff","Audit Success","System.Diagnostics.Eventing.Reader.EventProperty System.Diagnostics.Eventing.Reader.EventProperty System.Diagnostics.Eventing.Reader.EventProperty System.Diagnostics.Eventing.Reader.EventProperty System.Diagnostics.Eventing.Reader.EventProperty","home-win7-1","e1c9907d-8fab-493c-b55f-b3b71a990860","True"
"An account was successfully logged on.

Subject:
	Security ID:		S-1-0-0
	Account Name:		-
	Account Domain:		-
	Logon ID:		0x0

Logon Type:			3

New Logon:
	Security ID:		S-1-5-21-1465889373-2168228904-3323032715-500
	Account Name:		DoD_Admin
	Account Domain:		HOME
	Logon ID:		0x2de4eeca
	Logon GUID:		{E9489F22-C5D0-E6BD-2519-350278A16CB9}

Process Information:
	Process ID:		0x0
	Process Name:		-

Network Information:
	Workstation Name:	
	Source Network Address:	-
	Source Port:		-

Detailed Authentication Information:
	Logon Process:		Kerberos
	Authentication Package:	Kerberos
	Transited Services:	-
	Package Name (NTLM only):	-
	Key Length:		0

This event is generated when a logon session is created. It is generated on the computer that was accessed.

The subject fields indicate the account on the local system which requested the logon. This is most commonly a service such as the Server service, or a local process such as Winlogon.exe or Services.exe.

The logon type field indicates the kind of logon that occurred. The most common types are 2 (interactive) and 3 (network).

The New Logon fields indicate the account for whom the new logon was created, i.e. the account that was logged on.

The network fields indicate where a remote logon request originated. Workstation name is not always available and may be left blank in some cases.

The authentication information fields provide detailed information about this specific logon request.
	- Logon GUID is a unique identifier that can be used to correlate this event with a KDC event.
	- Transited services indicate which intermediate services have participated in this logon request.
	- Package name indicates which sub-protocol was used among the NTLM protocols.
	- Key length indicates the length of the generated session key. This will be 0 if no session key was requested.","S-1-5-21-1465889373-2168228904-3323032715-500","DoD_Admin","HOME","0x2de4eeca","3","4624","0",,"0","12544","0","-9214364837600034816","21989","Microsoft-Windows-Security-Auditing","54849625-5478-4994-a5ba-3e3b0328c30d","Security","0x0","1684","home-win7-1.home.local",,"11/28/2016 11:16:02 PM",,,"security","","System.Diagnostics.Eventing.Reader.EventBookmark","Information","Info","Logon","Audit Success","System.Diagnostics.Eventing.Reader.EventProperty System.Diagnostics.Eventing.Reader.EventProperty System.Diagnostics.Eventing.Reader.EventProperty System.Diagnostics.Eventing.Reader.EventProperty System.Diagnostics.Eventing.Reader.EventProperty System.Diagnostics.Eventing.Reader.EventProperty System.Diagnostics.Eventing.Reader.EventProperty System.Diagnostics.Eventing.Reader.EventProperty System.Diagnostics.Eventing.Reader.EventProperty System.Diagnostics.Eventing.Reader.EventProperty System.Diagnostics.Eventing.Reader.EventProperty System.Diagnostics.Eventing.Reader.EventProperty System.Diagnostics.Eventing.Reader.EventProperty System.Diagnostics.Eventing.Reader.EventProperty System.Diagnostics.Eventing.Reader.EventProperty System.Diagnostics.Eventing.Reader.EventProperty System.Diagnostics.Eventing.Reader.EventProperty System.Diagnostics.Eventing.Reader.EventProperty System.Diagnostics.Eventing.Reader.EventProperty System.Diagnostics.Eventing.Reader.EventProperty","home-win7-1","e1c9907d-8fab-493c-b55f-b3b71a990860","True"
"An account was successfully logged on.

Subject:
	Security ID:		S-1-0-0
	Account Name:		-
	Account Domain:		-
	Logon ID:		0x0

Logon Type:			3

New Logon:
	Security ID:		S-1-5-21-1465889373-2168228904-3323032715-500
	Account Name:		DoD_Admin
	Account Domain:		HOME
	Logon ID:		0x2de2caca
	Logon GUID:		{E9489F22-C5D0-E6BD-2519-350278A16CB9}

Process Information:
	Process ID:		0x0
	Process Name:		-

Network Information:
	Workstation Name:	
	Source Network Address:	-
	Source Port:		-

Detailed Authentication Information:
	Logon Process:		Kerberos
	Authentication Package:	Kerberos
	Transited Services:	-
	Package Name (NTLM only):	-
	Key Length:		0

This event is generated when a logon session is created. It is generated on the computer that was accessed.

The subject fields indicate the account on the local system which requested the logon. This is most commonly a service such as the Server service, or a local process such as Winlogon.exe or Services.exe.

The logon type field indicates the kind of logon that occurred. The most common types are 2 (interactive) and 3 (network).

The New Logon fields indicate the account for whom the new logon was created, i.e. the account that was logged on.

The network fields indicate where a remote logon request originated. Workstation name is not always available and may be left blank in some cases.

The authentication information fields provide detailed information about this specific logon request.
	- Logon GUID is a unique identifier that can be used to correlate this event with a KDC event.
	- Transited services indicate which intermediate services have participated in this logon request.
	- Package name indicates which sub-protocol was used among the NTLM protocols.
	- Key length indicates the length of the generated session key. This will be 0 if no session key was requested.","S-1-5-21-1465889373-2168228904-3323032715-500","DoD_Admin","HOME","0x2de2caca","3","4624","0",,"0","12544","0","-9214364837600034816","21983","Microsoft-Windows-Security-Auditing","54849625-5478-4994-a5ba-3e3b0328c30d","Security","0x0","1684","home-win7-1.home.local",,"11/28/2016 11:15:46 PM",,,"security","","System.Diagnostics.Eventing.Reader.EventBookmark","Information","Info","Logon","Audit Success","System.Diagnostics.Eventing.Reader.EventProperty System.Diagnostics.Eventing.Reader.EventProperty System.Diagnostics.Eventing.Reader.EventProperty System.Diagnostics.Eventing.Reader.EventProperty System.Diagnostics.Eventing.Reader.EventProperty System.Diagnostics.Eventing.Reader.EventProperty System.Diagnostics.Eventing.Reader.EventProperty System.Diagnostics.Eventing.Reader.EventProperty System.Diagnostics.Eventing.Reader.EventProperty System.Diagnostics.Eventing.Reader.EventProperty System.Diagnostics.Eventing.Reader.EventProperty System.Diagnostics.Eventing.Reader.EventProperty System.Diagnostics.Eventing.Reader.EventProperty System.Diagnostics.Eventing.Reader.EventProperty System.Diagnostics.Eventing.Reader.EventProperty System.Diagnostics.Eventing.Reader.EventProperty System.Diagnostics.Eventing.Reader.EventProperty System.Diagnostics.Eventing.Reader.EventProperty System.Diagnostics.Eventing.Reader.EventProperty System.Diagnostics.Eventing.Reader.EventProperty","home-win7-1","e1c9907d-8fab-493c-b55f-b3b71a990860","True"
"An account was successfully logged on.

Subject:
	Security ID:		S-1-0-0
	Account Name:		-
	Account Domain:		-
	Logon ID:		0x0

Logon Type:			3

New Logon:
	Security ID:		S-1-5-21-1465889373-2168228904-3323032715-500
	Account Name:		DoD_Admin
	Account Domain:		HOME
	Logon ID:		0x2de2c0d5
	Logon GUID:		{E9489F22-C5D0-E6BD-2519-350278A16CB9}

Process Information:
	Process ID:		0x0
	Process Name:		-

Network Information:
	Workstation Name:	
	Source Network Address:	-
	Source Port:		-

Detailed Authentication Information:
	Logon Process:		Kerberos
	Authentication Package:	Kerberos
	Transited Services:	-
	Package Name (NTLM only):	-
	Key Length:		0

This event is generated when a logon session is created. It is generated on the computer that was accessed.

The subject fields indicate the account on the local system which requested the logon. This is most commonly a service such as the Server service, or a local process such as Winlogon.exe or Services.exe.

The logon type field indicates the kind of logon that occurred. The most common types are 2 (interactive) and 3 (network).

The New Logon fields indicate the account for whom the new logon was created, i.e. the account that was logged on.

The network fields indicate where a remote logon request originated. Workstation name is not always available and may be left blank in some cases.

The authentication information fields provide detailed information about this specific logon request.
	- Logon GUID is a unique identifier that can be used to correlate this event with a KDC event.
	- Transited services indicate which intermediate services have participated in this logon request.
	- Package name indicates which sub-protocol was used among the NTLM protocols.
	- Key length indicates the length of the generated session key. This will be 0 if no session key was requested.","S-1-5-21-1465889373-2168228904-3323032715-500","DoD_Admin","HOME","0x2de2c0d5","3","4624","0",,"0","12544","0","-9214364837600034816","21978","Microsoft-Windows-Security-Auditing","54849625-5478-4994-a5ba-3e3b0328c30d","Security","0x0","1684","home-win7-1.home.local",,"11/28/2016 11:15:45 PM",,,"security","","System.Diagnostics.Eventing.Reader.EventBookmark","Information","Info","Logon","Audit Success","System.Diagnostics.Eventing.Reader.EventProperty System.Diagnostics.Eventing.Reader.EventProperty System.Diagnostics.Eventing.Reader.EventProperty System.Diagnostics.Eventing.Reader.EventProperty System.Diagnostics.Eventing.Reader.EventProperty System.Diagnostics.Eventing.Reader.EventProperty System.Diagnostics.Eventing.Reader.EventProperty System.Diagnostics.Eventing.Reader.EventProperty System.Diagnostics.Eventing.Reader.EventProperty System.Diagnostics.Eventing.Reader.EventProperty System.Diagnostics.Eventing.Reader.EventProperty System.Diagnostics.Eventing.Reader.EventProperty System.Diagnostics.Eventing.Reader.EventProperty System.Diagnostics.Eventing.Reader.EventProperty System.Diagnostics.Eventing.Reader.EventProperty System.Diagnostics.Eventing.Reader.EventProperty System.Diagnostics.Eventing.Reader.EventProperty System.Diagnostics.Eventing.Reader.EventProperty System.Diagnostics.Eventing.Reader.EventProperty System.Diagnostics.Eventing.Reader.EventProperty","home-win7-1","e1c9907d-8fab-493c-b55f-b3b71a990860","True"
"An account was logged off.

Subject:
	Security ID:		S-1-5-21-1465889373-2168228904-3323032715-500
	Account Name:		DoD_Admin
	Account Domain:		HOME
	Logon ID:		0x2de29490

Logon Type:			3

This event is generated when a logon session is destroyed. It may be positively correlated with a logon event using the Logon ID value. Logon IDs are only unique between reboots on the same computer.","S-1-5-21-1465889373-2168228904-3323032715-500","DoD_Admin","HOME","0x2de29490","3","4634","0",,"0","12545","0","-9214364837600034816","21974","Microsoft-Windows-Security-Auditing","54849625-5478-4994-a5ba-3e3b0328c30d","Security","492","1684","home-win7-1.home.local",,"11/28/2016 11:15:27 PM",,,"security","","System.Diagnostics.Eventing.Reader.EventBookmark","Information","Info","Logoff","Audit Success","System.Diagnostics.Eventing.Reader.EventProperty System.Diagnostics.Eventing.Reader.EventProperty System.Diagnostics.Eventing.Reader.EventProperty System.Diagnostics.Eventing.Reader.EventProperty System.Diagnostics.Eventing.Reader.EventProperty","home-win7-1","e1c9907d-8fab-493c-b55f-b3b71a990860","True"
"An account was logged off.

Subject:
	Security ID:		S-1-5-21-1465889373-2168228904-3323032715-500
	Account Name:		DoD_Admin
	Account Domain:		HOME
	Logon ID:		0x2ddeabed

Logon Type:			3

This event is generated when a logon session is destroyed. It may be positively correlated with a logon event using the Logon ID value. Logon IDs are only unique between reboots on the same computer.","S-1-5-21-1465889373-2168228904-3323032715-500","DoD_Admin","HOME","0x2ddeabed","3","4634","0",,"0","12545","0","-9214364837600034816","21973","Microsoft-Windows-Security-Auditing","54849625-5478-4994-a5ba-3e3b0328c30d","Security","492","1684","home-win7-1.home.local",,"11/28/2016 11:15:27 PM",,,"security","","System.Diagnostics.Eventing.Reader.EventBookmark","Information","Info","Logoff","Audit Success","System.Diagnostics.Eventing.Reader.EventProperty System.Diagnostics.Eventing.Reader.EventProperty System.Diagnostics.Eventing.Reader.EventProperty System.Diagnostics.Eventing.Reader.EventProperty System.Diagnostics.Eventing.Reader.EventProperty","home-win7-1","e1c9907d-8fab-493c-b55f-b3b71a990860","True"
"An account was successfully logged on.

Subject:
	Security ID:		S-1-0-0
	Account Name:		-
	Account Domain:		-
	Logon ID:		0x0

Logon Type:			3

New Logon:
	Security ID:		S-1-5-21-1465889373-2168228904-3323032715-500
	Account Name:		DoD_Admin
	Account Domain:		HOME
	Logon ID:		0x2de29490
	Logon GUID:		{E9489F22-C5D0-E6BD-2519-350278A16CB9}

Process Information:
	Process ID:		0x0
	Process Name:		-

Network Information:
	Workstation Name:	
	Source Network Address:	-
	Source Port:		-

Detailed Authentication Information:
	Logon Process:		Kerberos
	Authentication Package:	Kerberos
	Transited Services:	-
	Package Name (NTLM only):	-
	Key Length:		0

This event is generated when a logon session is created. It is generated on the computer that was accessed.

The subject fields indicate the account on the local system which requested the logon. This is most commonly a service such as the Server service, or a local process such as Winlogon.exe or Services.exe.

The logon type field indicates the kind of logon that occurred. The most common types are 2 (interactive) and 3 (network).

The New Logon fields indicate the account for whom the new logon was created, i.e. the account that was logged on.

The network fields indicate where a remote logon request originated. Workstation name is not always available and may be left blank in some cases.

The authentication information fields provide detailed information about this specific logon request.
	- Logon GUID is a unique identifier that can be used to correlate this event with a KDC event.
	- Transited services indicate which intermediate services have participated in this logon request.
	- Package name indicates which sub-protocol was used among the NTLM protocols.
	- Key length indicates the length of the generated session key. This will be 0 if no session key was requested.","S-1-5-21-1465889373-2168228904-3323032715-500","DoD_Admin","HOME","0x2de29490","3","4624","0",,"0","12544","0","-9214364837600034816","21972","Microsoft-Windows-Security-Auditing","54849625-5478-4994-a5ba-3e3b0328c30d","Security","0x0","1684","home-win7-1.home.local",,"11/28/2016 11:15:27 PM",,,"security","","System.Diagnostics.Eventing.Reader.EventBookmark","Information","Info","Logon","Audit Success","System.Diagnostics.Eventing.Reader.EventProperty System.Diagnostics.Eventing.Reader.EventProperty System.Diagnostics.Eventing.Reader.EventProperty System.Diagnostics.Eventing.Reader.EventProperty System.Diagnostics.Eventing.Reader.EventProperty System.Diagnostics.Eventing.Reader.EventProperty System.Diagnostics.Eventing.Reader.EventProperty System.Diagnostics.Eventing.Reader.EventProperty System.Diagnostics.Eventing.Reader.EventProperty System.Diagnostics.Eventing.Reader.EventProperty System.Diagnostics.Eventing.Reader.EventProperty System.Diagnostics.Eventing.Reader.EventProperty System.Diagnostics.Eventing.Reader.EventProperty System.Diagnostics.Eventing.Reader.EventProperty System.Diagnostics.Eventing.Reader.EventProperty System.Diagnostics.Eventing.Reader.EventProperty System.Diagnostics.Eventing.Reader.EventProperty System.Diagnostics.Eventing.Reader.EventProperty System.Diagnostics.Eventing.Reader.EventProperty System.Diagnostics.Eventing.Reader.EventProperty","home-win7-1","e1c9907d-8fab-493c-b55f-b3b71a990860","True"
"An account was successfully logged on.

Subject:
	Security ID:		S-1-0-0
	Account Name:		-
	Account Domain:		-
	Logon ID:		0x0

Logon Type:			3

New Logon:
	Security ID:		S-1-5-21-1465889373-2168228904-3323032715-500
	Account Name:		DoD_Admin
	Account Domain:		HOME
	Logon ID:		0x2ddeabed
	Logon GUID:		{E9489F22-C5D0-E6BD-2519-350278A16CB9}

Process Information:
	Process ID:		0x0
	Process Name:		-

Network Information:
	Workstation Name:	
	Source Network Address:	-
	Source Port:		-

Detailed Authentication Information:
	Logon Process:		Kerberos
	Authentication Package:	Kerberos
	Transited Services:	-
	Package Name (NTLM only):	-
	Key Length:		0

This event is generated when a logon session is created. It is generated on the computer that was accessed.

The subject fields indicate the account on the local system which requested the logon. This is most commonly a service such as the Server service, or a local process such as Winlogon.exe or Services.exe.

The logon type field indicates the kind of logon that occurred. The most common types are 2 (interactive) and 3 (network).

The New Logon fields indicate the account for whom the new logon was created, i.e. the account that was logged on.

The network fields indicate where a remote logon request originated. Workstation name is not always available and may be left blank in some cases.

The authentication information fields provide detailed information about this specific logon request.
	- Logon GUID is a unique identifier that can be used to correlate this event with a KDC event.
	- Transited services indicate which intermediate services have participated in this logon request.
	- Package name indicates which sub-protocol was used among the NTLM protocols.
	- Key length indicates the length of the generated session key. This will be 0 if no session key was requested.","S-1-5-21-1465889373-2168228904-3323032715-500","DoD_Admin","HOME","0x2ddeabed","3","4624","0",,"0","12544","0","-9214364837600034816","21965","Microsoft-Windows-Security-Auditing","54849625-5478-4994-a5ba-3e3b0328c30d","Security","0x0","1684","home-win7-1.home.local",,"11/28/2016 11:14:58 PM",,,"security","","System.Diagnostics.Eventing.Reader.EventBookmark","Information","Info","Logon","Audit Success","System.Diagnostics.Eventing.Reader.EventProperty System.Diagnostics.Eventing.Reader.EventProperty System.Diagnostics.Eventing.Reader.EventProperty System.Diagnostics.Eventing.Reader.EventProperty System.Diagnostics.Eventing.Reader.EventProperty System.Diagnostics.Eventing.Reader.EventProperty System.Diagnostics.Eventing.Reader.EventProperty System.Diagnostics.Eventing.Reader.EventProperty System.Diagnostics.Eventing.Reader.EventProperty System.Diagnostics.Eventing.Reader.EventProperty System.Diagnostics.Eventing.Reader.EventProperty System.Diagnostics.Eventing.Reader.EventProperty System.Diagnostics.Eventing.Reader.EventProperty System.Diagnostics.Eventing.Reader.EventProperty System.Diagnostics.Eventing.Reader.EventProperty System.Diagnostics.Eventing.Reader.EventProperty System.Diagnostics.Eventing.Reader.EventProperty System.Diagnostics.Eventing.Reader.EventProperty System.Diagnostics.Eventing.Reader.EventProperty System.Diagnostics.Eventing.Reader.EventProperty","home-win7-1","e1c9907d-8fab-493c-b55f-b3b71a990860","True"
"An account was logged off.

Subject:
	Security ID:		S-1-5-21-1465889373-2168228904-3323032715-500
	Account Name:		DoD_Admin
	Account Domain:		HOME
	Logon ID:		0x2dd95f73

Logon Type:			3

This event is generated when a logon session is destroyed. It may be positively correlated with a logon event using the Logon ID value. Logon IDs are only unique between reboots on the same computer.","S-1-5-21-1465889373-2168228904-3323032715-500","DoD_Admin","HOME","0x2dd95f73","3","4634","0",,"0","12545","0","-9214364837600034816","21960","Microsoft-Windows-Security-Auditing","54849625-5478-4994-a5ba-3e3b0328c30d","Security","492","1684","home-win7-1.home.local",,"11/28/2016 11:14:58 PM",,,"security","","System.Diagnostics.Eventing.Reader.EventBookmark","Information","Info","Logoff","Audit Success","System.Diagnostics.Eventing.Reader.EventProperty System.Diagnostics.Eventing.Reader.EventProperty System.Diagnostics.Eventing.Reader.EventProperty System.Diagnostics.Eventing.Reader.EventProperty System.Diagnostics.Eventing.Reader.EventProperty","home-win7-1","e1c9907d-8fab-493c-b55f-b3b71a990860","True"
"An account was successfully logged on.

Subject:
	Security ID:		S-1-0-0
	Account Name:		-
	Account Domain:		-
	Logon ID:		0x0

Logon Type:			3

New Logon:
	Security ID:		S-1-5-21-1465889373-2168228904-3323032715-500
	Account Name:		DoD_Admin
	Account Domain:		HOME
	Logon ID:		0x2ddea1a3
	Logon GUID:		{E9489F22-C5D0-E6BD-2519-350278A16CB9}

Process Information:
	Process ID:		0x0
	Process Name:		-

Network Information:
	Workstation Name:	
	Source Network Address:	-
	Source Port:		-

Detailed Authentication Information:
	Logon Process:		Kerberos
	Authentication Package:	Kerberos
	Transited Services:	-
	Package Name (NTLM only):	-
	Key Length:		0

This event is generated when a logon session is created. It is generated on the computer that was accessed.

The subject fields indicate the account on the local system which requested the logon. This is most commonly a service such as the Server service, or a local process such as Winlogon.exe or Services.exe.

The logon type field indicates the kind of logon that occurred. The most common types are 2 (interactive) and 3 (network).

The New Logon fields indicate the account for whom the new logon was created, i.e. the account that was logged on.

The network fields indicate where a remote logon request originated. Workstation name is not always available and may be left blank in some cases.

The authentication information fields provide detailed information about this specific logon request.
	- Logon GUID is a unique identifier that can be used to correlate this event with a KDC event.
	- Transited services indicate which intermediate services have participated in this logon request.
	- Package name indicates which sub-protocol was used among the NTLM protocols.
	- Key length indicates the length of the generated session key. This will be 0 if no session key was requested.","S-1-5-21-1465889373-2168228904-3323032715-500","DoD_Admin","HOME","0x2ddea1a3","3","4624","0",,"0","12544","0","-9214364837600034816","21959","Microsoft-Windows-Security-Auditing","54849625-5478-4994-a5ba-3e3b0328c30d","Security","0x0","1684","home-win7-1.home.local",,"11/28/2016 11:14:58 PM",,,"security","","System.Diagnostics.Eventing.Reader.EventBookmark","Information","Info","Logon","Audit Success","System.Diagnostics.Eventing.Reader.EventProperty System.Diagnostics.Eventing.Reader.EventProperty System.Diagnostics.Eventing.Reader.EventProperty System.Diagnostics.Eventing.Reader.EventProperty System.Diagnostics.Eventing.Reader.EventProperty System.Diagnostics.Eventing.Reader.EventProperty System.Diagnostics.Eventing.Reader.EventProperty System.Diagnostics.Eventing.Reader.EventProperty System.Diagnostics.Eventing.Reader.EventProperty System.Diagnostics.Eventing.Reader.EventProperty System.Diagnostics.Eventing.Reader.EventProperty System.Diagnostics.Eventing.Reader.EventProperty System.Diagnostics.Eventing.Reader.EventProperty System.Diagnostics.Eventing.Reader.EventProperty System.Diagnostics.Eventing.Reader.EventProperty System.Diagnostics.Eventing.Reader.EventProperty System.Diagnostics.Eventing.Reader.EventProperty System.Diagnostics.Eventing.Reader.EventProperty System.Diagnostics.Eventing.Reader.EventProperty System.Diagnostics.Eventing.Reader.EventProperty","home-win7-1","e1c9907d-8fab-493c-b55f-b3b71a990860","True"
"An account was logged off.

Subject:
	Security ID:		S-1-5-21-1465889373-2168228904-3323032715-500
	Account Name:		DoD_Admin
	Account Domain:		HOME
	Logon ID:		0x2ddd9436

Logon Type:			3

This event is generated when a logon session is destroyed. It may be positively correlated with a logon event using the Logon ID value. Logon IDs are only unique between reboots on the same computer.","S-1-5-21-1465889373-2168228904-3323032715-500","DoD_Admin","HOME","0x2ddd9436","3","4634","0",,"0","12545","0","-9214364837600034816","21947","Microsoft-Windows-Security-Auditing","54849625-5478-4994-a5ba-3e3b0328c30d","Security","492","1684","home-win7-1.home.local",,"11/28/2016 11:10:02 PM",,,"security","","System.Diagnostics.Eventing.Reader.EventBookmark","Information","Info","Logoff","Audit Success","System.Diagnostics.Eventing.Reader.EventProperty System.Diagnostics.Eventing.Reader.EventProperty System.Diagnostics.Eventing.Reader.EventProperty System.Diagnostics.Eventing.Reader.EventProperty System.Diagnostics.Eventing.Reader.EventProperty","home-win7-1","e1c9907d-8fab-493c-b55f-b3b71a990860","True"
"An account was logged off.

Subject:
	Security ID:		S-1-5-21-1465889373-2168228904-3323032715-500
	Account Name:		DoD_Admin
	Account Domain:		HOME
	Logon ID:		0x2dd9c639

Logon Type:			3

This event is generated when a logon session is destroyed. It may be positively correlated with a logon event using the Logon ID value. Logon IDs are only unique between reboots on the same computer.","S-1-5-21-1465889373-2168228904-3323032715-500","DoD_Admin","HOME","0x2dd9c639","3","4634","0",,"0","12545","0","-9214364837600034816","21946","Microsoft-Windows-Security-Auditing","54849625-5478-4994-a5ba-3e3b0328c30d","Security","492","1684","home-win7-1.home.local",,"11/28/2016 11:10:02 PM",,,"security","","System.Diagnostics.Eventing.Reader.EventBookmark","Information","Info","Logoff","Audit Success","System.Diagnostics.Eventing.Reader.EventProperty System.Diagnostics.Eventing.Reader.EventProperty System.Diagnostics.Eventing.Reader.EventProperty System.Diagnostics.Eventing.Reader.EventProperty System.Diagnostics.Eventing.Reader.EventProperty","home-win7-1","e1c9907d-8fab-493c-b55f-b3b71a990860","True"
"An account was logged off.

Subject:
	Security ID:		S-1-5-21-1465889373-2168228904-3323032715-500
	Account Name:		DoD_Admin
	Account Domain:		HOME
	Logon ID:		0x2dd9bc2f

Logon Type:			3

This event is generated when a logon session is destroyed. It may be positively correlated with a logon event using the Logon ID value. Logon IDs are only unique between reboots on the same computer.","S-1-5-21-1465889373-2168228904-3323032715-500","DoD_Admin","HOME","0x2dd9bc2f","3","4634","0",,"0","12545","0","-9214364837600034816","21945","Microsoft-Windows-Security-Auditing","54849625-5478-4994-a5ba-3e3b0328c30d","Security","492","1684","home-win7-1.home.local",,"11/28/2016 11:10:02 PM",,,"security","","System.Diagnostics.Eventing.Reader.EventBookmark","Information","Info","Logoff","Audit Success","System.Diagnostics.Eventing.Reader.EventProperty System.Diagnostics.Eventing.Reader.EventProperty System.Diagnostics.Eventing.Reader.EventProperty System.Diagnostics.Eventing.Reader.EventProperty System.Diagnostics.Eventing.Reader.EventProperty","home-win7-1","e1c9907d-8fab-493c-b55f-b3b71a990860","True"
